<?xml version="1.0" encoding="UTF-8"?>
<testng-results skipped="0" failed="0" total="1" passed="1">
  <reporter-output>
  </reporter-output>
  <suite name="Default suite" duration-ms="26900" started-at="2018-08-29T09:15:54Z" finished-at="2018-08-29T09:16:20Z">
    <groups>
    </groups>
    <test name="Default test" duration-ms="26900" started-at="2018-08-29T09:15:54Z" finished-at="2018-08-29T09:16:20Z">
      <class name="com.guru.login.CreateNewAccount">
        <test-method status="PASS" signature="setUp()[pri:0, instance:com.guru.login.CreateNewAccount@7bb11784]" name="setUp" is-config="true" duration-ms="5196" started-at="2018-08-29T16:15:54Z" finished-at="2018-08-29T16:15:59Z">
          <reporter-output>
          </reporter-output>
        </test-method> <!-- setUp -->
        <test-method status="PASS" signature="createNewAccount()[pri:0, instance:com.guru.login.CreateNewAccount@7bb11784]" name="createNewAccount" duration-ms="20647" started-at="2018-08-29T16:15:59Z" finished-at="2018-08-29T16:16:19Z">
          <reporter-output>
          </reporter-output>
        </test-method> <!-- createNewAccount -->
        <test-method status="PASS" signature="tearDown()[pri:0, instance:com.guru.login.CreateNewAccount@7bb11784]" name="tearDown" is-config="true" duration-ms="1043" started-at="2018-08-29T16:16:19Z" finished-at="2018-08-29T16:16:20Z">
          <reporter-output>
          </reporter-output>
        </test-method> <!-- tearDown -->
      </class> <!-- com.guru.login.CreateNewAccount -->
    </test> <!-- Default test -->
  </suite> <!-- Default suite -->
</testng-results>
